[debug] [2023-02-14T21:42:20.044Z] ----------------------------------------------------------------------
[debug] [2023-02-14T21:42:20.046Z] Command:       /Users/jasminemcclung/.nvm/versions/node/v16.17.0/bin/node /Users/jasminemcclung/.nvm/versions/node/v16.17.0/bin/firebase init hosting
[debug] [2023-02-14T21:42:20.047Z] CLI Version:   11.23.0
[debug] [2023-02-14T21:42:20.047Z] Platform:      darwin
[debug] [2023-02-14T21:42:20.047Z] Node Version:  v16.17.0
[debug] [2023-02-14T21:42:20.057Z] Time:          Tue Feb 14 2023 15:42:20 GMT-0600 (Central Standard Time)
[debug] [2023-02-14T21:42:20.057Z] ----------------------------------------------------------------------
[debug] 
[debug] [2023-02-14T21:42:20.063Z] > command requires scopes: ["email","openid","https://www.googleapis.com/auth/cloudplatformprojects.readonly","https://www.googleapis.com/auth/firebase","https://www.googleapis.com/auth/cloud-platform"]
[debug] [2023-02-14T21:42:20.063Z] > authorizing via signed-in user (jkmcodes@gmail.com)
[info] 
     ######## #### ########  ######## ########     ###     ######  ########
     ##        ##  ##     ## ##       ##     ##  ##   ##  ##       ##
     ######    ##  ########  ######   ########  #########  ######  ######
     ##        ##  ##    ##  ##       ##     ## ##     ##       ## ##
     ##       #### ##     ## ######## ########  ##     ##  ######  ########

You're about to initialize a Firebase project in this directory:

  /Users/jasminemcclung/Badbank-Capstone/badbank-capstone

[info] 
=== Project Setup
[info] 
[info] First, let's associate this project directory with a Firebase project.
[info] You can create multiple project aliases by running firebase use --add, 
[info] but for now we'll just set up a default project.
[info] 
[info] i  If you want to create a project in a Google Cloud organization or folder, please use "firebase projects:create" instead, and return to this command when you've created the project. 
[debug] [2023-02-14T21:43:07.522Z] > refreshing access token with scopes: []
[debug] [2023-02-14T21:43:07.524Z] >>> [apiv2][query] POST https://www.googleapis.com/oauth2/v3/token [none]
[debug] [2023-02-14T21:43:07.524Z] >>> [apiv2][body] POST https://www.googleapis.com/oauth2/v3/token [omitted]
[debug] [2023-02-14T21:43:07.713Z] <<< [apiv2][status] POST https://www.googleapis.com/oauth2/v3/token 200
[debug] [2023-02-14T21:43:07.713Z] <<< [apiv2][body] POST https://www.googleapis.com/oauth2/v3/token [omitted]
[debug] [2023-02-14T21:43:07.736Z] >>> [apiv2][query] POST https://cloudresourcemanager.googleapis.com/v1/projects [none]
[debug] [2023-02-14T21:43:07.736Z] >>> [apiv2][body] POST https://cloudresourcemanager.googleapis.com/v1/projects {"projectId":"jasminemcclungfullstackbankingapp","name":"jasminemcclungfullstackbankingapp"}
[debug] [2023-02-14T21:43:07.879Z] <<< [apiv2][status] POST https://cloudresourcemanager.googleapis.com/v1/projects 400
[debug] [2023-02-14T21:43:07.879Z] <<< [apiv2][body] POST https://cloudresourcemanager.googleapis.com/v1/projects {"error":{"code":400,"message":"Request contains an invalid argument.","status":"INVALID_ARGUMENT","details":[{"@type":"type.googleapis.com/google.rpc.BadRequest","fieldViolations":[{"field":"project_id","description":"project_id must be at most 30 characters long"},{"field":"display_name","description":"project display name must be at most 30 characters"}]},{"@type":"type.googleapis.com/google.rpc.Help","links":[{"url":"https://cloud.google.com/resource-manager/reference/rest/v1/projects"}]}]}}
[debug] [2023-02-14T21:43:07.967Z] FirebaseError: HTTP Error: 400, Request contains an invalid argument.
    at responseToError (/Users/jasminemcclung/.nvm/versions/node/v16.17.0/lib/node_modules/firebase-tools/lib/responseToError.js:49:12)
    at RetryOperation._fn (/Users/jasminemcclung/.nvm/versions/node/v16.17.0/lib/node_modules/firebase-tools/lib/apiv2.js:288:77)
    at processTicksAndRejections (node:internal/process/task_queues:96:5)
[error] 
[error] Error: Failed to create project. See firebase-debug.log for more info.
[debug] [2023-02-14T21:43:18.543Z] ----------------------------------------------------------------------
[debug] [2023-02-14T21:43:18.544Z] Command:       /Users/jasminemcclung/.nvm/versions/node/v16.17.0/bin/node /Users/jasminemcclung/.nvm/versions/node/v16.17.0/bin/firebase init hosting
[debug] [2023-02-14T21:43:18.545Z] CLI Version:   11.23.0
[debug] [2023-02-14T21:43:18.545Z] Platform:      darwin
[debug] [2023-02-14T21:43:18.545Z] Node Version:  v16.17.0
[debug] [2023-02-14T21:43:18.546Z] Time:          Tue Feb 14 2023 15:43:18 GMT-0600 (Central Standard Time)
[debug] [2023-02-14T21:43:18.546Z] ----------------------------------------------------------------------
[debug] 
[debug] [2023-02-14T21:43:18.551Z] > command requires scopes: ["email","openid","https://www.googleapis.com/auth/cloudplatformprojects.readonly","https://www.googleapis.com/auth/firebase","https://www.googleapis.com/auth/cloud-platform"]
[debug] [2023-02-14T21:43:18.552Z] > authorizing via signed-in user (jkmcodes@gmail.com)
[info] 
     ######## #### ########  ######## ########     ###     ######  ########
     ##        ##  ##     ## ##       ##     ##  ##   ##  ##       ##
     ######    ##  ########  ######   ########  #########  ######  ######
     ##        ##  ##    ##  ##       ##     ## ##     ##       ## ##
     ##       #### ##     ## ######## ########  ##     ##  ######  ########

You're about to initialize a Firebase project in this directory:

  /Users/jasminemcclung/Badbank-Capstone/badbank-capstone

[info] 
=== Project Setup
[info] 
[info] First, let's associate this project directory with a Firebase project.
[info] You can create multiple project aliases by running firebase use --add, 
[info] but for now we'll just set up a default project.
[info] 
[info] i  If you want to create a project in a Google Cloud organization or folder, please use "firebase projects:create" instead, and return to this command when you've created the project. 
[debug] [2023-02-14T21:43:49.831Z] >>> [apiv2][query] POST https://cloudresourcemanager.googleapis.com/v1/projects [none]
[debug] [2023-02-14T21:43:49.831Z] >>> [apiv2][body] POST https://cloudresourcemanager.googleapis.com/v1/projects {"projectId":"jasminemcclungfullstackbankingapplication","name":"fullstackbankingapp"}
[debug] [2023-02-14T21:43:50.021Z] <<< [apiv2][status] POST https://cloudresourcemanager.googleapis.com/v1/projects 400
[debug] [2023-02-14T21:43:50.021Z] <<< [apiv2][body] POST https://cloudresourcemanager.googleapis.com/v1/projects {"error":{"code":400,"message":"field [project_id] has issue [project_id must be at most 30 characters long]","status":"INVALID_ARGUMENT","details":[{"@type":"type.googleapis.com/google.rpc.BadRequest","fieldViolations":[{"field":"project_id","description":"project_id must be at most 30 characters long"}]},{"@type":"type.googleapis.com/google.rpc.Help","links":[{"url":"https://cloud.google.com/resource-manager/reference/rest/v1/projects"}]}]}}
[debug] [2023-02-14T21:43:50.102Z] FirebaseError: HTTP Error: 400, field [project_id] has issue [project_id must be at most 30 characters long]
    at responseToError (/Users/jasminemcclung/.nvm/versions/node/v16.17.0/lib/node_modules/firebase-tools/lib/responseToError.js:49:12)
    at RetryOperation._fn (/Users/jasminemcclung/.nvm/versions/node/v16.17.0/lib/node_modules/firebase-tools/lib/apiv2.js:288:77)
    at processTicksAndRejections (node:internal/process/task_queues:96:5)
[error] 
[error] Error: Failed to create project. See firebase-debug.log for more info.
[debug] [2023-02-14T21:44:02.291Z] ----------------------------------------------------------------------
[debug] [2023-02-14T21:44:02.293Z] Command:       /Users/jasminemcclung/.nvm/versions/node/v16.17.0/bin/node /Users/jasminemcclung/.nvm/versions/node/v16.17.0/bin/firebase init hosting
[debug] [2023-02-14T21:44:02.293Z] CLI Version:   11.23.0
[debug] [2023-02-14T21:44:02.293Z] Platform:      darwin
[debug] [2023-02-14T21:44:02.293Z] Node Version:  v16.17.0
[debug] [2023-02-14T21:44:02.294Z] Time:          Tue Feb 14 2023 15:44:02 GMT-0600 (Central Standard Time)
[debug] [2023-02-14T21:44:02.295Z] ----------------------------------------------------------------------
[debug] 
[debug] [2023-02-14T21:44:02.300Z] > command requires scopes: ["email","openid","https://www.googleapis.com/auth/cloudplatformprojects.readonly","https://www.googleapis.com/auth/firebase","https://www.googleapis.com/auth/cloud-platform"]
[debug] [2023-02-14T21:44:02.300Z] > authorizing via signed-in user (jkmcodes@gmail.com)
[info] 
     ######## #### ########  ######## ########     ###     ######  ########
     ##        ##  ##     ## ##       ##     ##  ##   ##  ##       ##
     ######    ##  ########  ######   ########  #########  ######  ######
     ##        ##  ##    ##  ##       ##     ## ##     ##       ## ##
     ##       #### ##     ## ######## ########  ##     ##  ######  ########

You're about to initialize a Firebase project in this directory:

  /Users/jasminemcclung/Badbank-Capstone/badbank-capstone

[info] 
=== Project Setup
[info] 
[info] First, let's associate this project directory with a Firebase project.
[info] You can create multiple project aliases by running firebase use --add, 
[info] but for now we'll just set up a default project.
[info] 
[info] i  If you want to create a project in a Google Cloud organization or folder, please use "firebase projects:create" instead, and return to this command when you've created the project. 
[debug] [2023-02-14T21:44:32.293Z] >>> [apiv2][query] POST https://cloudresourcemanager.googleapis.com/v1/projects [none]
[debug] [2023-02-14T21:44:32.293Z] >>> [apiv2][body] POST https://cloudresourcemanager.googleapis.com/v1/projects {"projectId":"fullstackbankingapp","name":"jasminemcclungfullstackbankingapplication"}
[debug] [2023-02-14T21:44:32.443Z] <<< [apiv2][status] POST https://cloudresourcemanager.googleapis.com/v1/projects 400
[debug] [2023-02-14T21:44:32.443Z] <<< [apiv2][body] POST https://cloudresourcemanager.googleapis.com/v1/projects {"error":{"code":400,"message":"field [display_name] has issue [project display name must be at most 30 characters]","status":"INVALID_ARGUMENT","details":[{"@type":"type.googleapis.com/google.rpc.BadRequest","fieldViolations":[{"field":"display_name","description":"project display name must be at most 30 characters"}]},{"@type":"type.googleapis.com/google.rpc.Help","links":[{"url":"https://cloud.google.com/resource-manager/reference/rest/v1/projects"}]}]}}
[debug] [2023-02-14T21:44:32.514Z] FirebaseError: HTTP Error: 400, field [display_name] has issue [project display name must be at most 30 characters]
    at responseToError (/Users/jasminemcclung/.nvm/versions/node/v16.17.0/lib/node_modules/firebase-tools/lib/responseToError.js:49:12)
    at RetryOperation._fn (/Users/jasminemcclung/.nvm/versions/node/v16.17.0/lib/node_modules/firebase-tools/lib/apiv2.js:288:77)
    at processTicksAndRejections (node:internal/process/task_queues:96:5)
[error] 
[error] Error: Failed to create project. See firebase-debug.log for more info.
[debug] [2023-02-14T21:45:27.840Z] ----------------------------------------------------------------------
[debug] [2023-02-14T21:45:27.841Z] Command:       /Users/jasminemcclung/.nvm/versions/node/v16.17.0/bin/node /Users/jasminemcclung/.nvm/versions/node/v16.17.0/bin/firebase init hosting
[debug] [2023-02-14T21:45:27.841Z] CLI Version:   11.23.0
[debug] [2023-02-14T21:45:27.841Z] Platform:      darwin
[debug] [2023-02-14T21:45:27.842Z] Node Version:  v16.17.0
[debug] [2023-02-14T21:45:27.850Z] Time:          Tue Feb 14 2023 15:45:27 GMT-0600 (Central Standard Time)
[debug] [2023-02-14T21:45:27.850Z] ----------------------------------------------------------------------
[debug] 
[debug] [2023-02-14T21:45:27.855Z] > command requires scopes: ["email","openid","https://www.googleapis.com/auth/cloudplatformprojects.readonly","https://www.googleapis.com/auth/firebase","https://www.googleapis.com/auth/cloud-platform"]
[debug] [2023-02-14T21:45:27.855Z] > authorizing via signed-in user (jkmcodes@gmail.com)
[info] 
     ######## #### ########  ######## ########     ###     ######  ########
     ##        ##  ##     ## ##       ##     ##  ##   ##  ##       ##
     ######    ##  ########  ######   ########  #########  ######  ######
     ##        ##  ##    ##  ##       ##     ## ##     ##       ## ##
     ##       #### ##     ## ######## ########  ##     ##  ######  ########

You're about to initialize a Firebase project in this directory:

  /Users/jasminemcclung/Badbank-Capstone/badbank-capstone

[info] 
=== Project Setup
[info] 
[info] First, let's associate this project directory with a Firebase project.
[info] You can create multiple project aliases by running firebase use --add, 
[info] but for now we'll just set up a default project.
[info] 
[info] i  If you want to create a project in a Google Cloud organization or folder, please use "firebase projects:create" instead, and return to this command when you've created the project. 
[debug] [2023-02-14T21:45:59.890Z] >>> [apiv2][query] POST https://cloudresourcemanager.googleapis.com/v1/projects [none]
[debug] [2023-02-14T21:45:59.890Z] >>> [apiv2][body] POST https://cloudresourcemanager.googleapis.com/v1/projects {"projectId":"badbankjasminemcclung","name":"jasminemcclungbadbankingapp"}
[debug] [2023-02-14T21:46:00.167Z] <<< [apiv2][status] POST https://cloudresourcemanager.googleapis.com/v1/projects 200
[debug] [2023-02-14T21:46:00.167Z] <<< [apiv2][body] POST https://cloudresourcemanager.googleapis.com/v1/projects {"name":"operations/cp.5564701437237160173"}
[debug] [2023-02-14T21:46:00.168Z] >>> [apiv2][query] GET https://cloudresourcemanager.googleapis.com/v1/operations/cp.5564701437237160173 [none]
[debug] [2023-02-14T21:46:00.612Z] <<< [apiv2][status] GET https://cloudresourcemanager.googleapis.com/v1/operations/cp.5564701437237160173 200
[debug] [2023-02-14T21:46:00.612Z] <<< [apiv2][body] GET https://cloudresourcemanager.googleapis.com/v1/operations/cp.5564701437237160173 {"name":"operations/cp.5564701437237160173"}
[debug] [2023-02-14T21:46:01.114Z] [Project Creation Poller] Retrying task index 0
[debug] [2023-02-14T21:46:01.114Z] >>> [apiv2][query] GET https://cloudresourcemanager.googleapis.com/v1/operations/cp.5564701437237160173 [none]
[debug] [2023-02-14T21:46:01.634Z] <<< [apiv2][status] GET https://cloudresourcemanager.googleapis.com/v1/operations/cp.5564701437237160173 200
[debug] [2023-02-14T21:46:01.634Z] <<< [apiv2][body] GET https://cloudresourcemanager.googleapis.com/v1/operations/cp.5564701437237160173 {"name":"operations/cp.5564701437237160173"}
[debug] [2023-02-14T21:46:02.636Z] [Project Creation Poller] Retrying task index 0
[debug] [2023-02-14T21:46:02.636Z] >>> [apiv2][query] GET https://cloudresourcemanager.googleapis.com/v1/operations/cp.5564701437237160173 [none]
[debug] [2023-02-14T21:46:03.074Z] <<< [apiv2][status] GET https://cloudresourcemanager.googleapis.com/v1/operations/cp.5564701437237160173 200
[debug] [2023-02-14T21:46:03.074Z] <<< [apiv2][body] GET https://cloudresourcemanager.googleapis.com/v1/operations/cp.5564701437237160173 {"name":"operations/cp.5564701437237160173","metadata":{"@type":"type.googleapis.com/google.cloudresourcemanager.v1.ProjectCreationStatus","gettable":true}}
[debug] [2023-02-14T21:46:05.075Z] [Project Creation Poller] Retrying task index 0
[debug] [2023-02-14T21:46:05.075Z] >>> [apiv2][query] GET https://cloudresourcemanager.googleapis.com/v1/operations/cp.5564701437237160173 [none]
[debug] [2023-02-14T21:46:05.527Z] <<< [apiv2][status] GET https://cloudresourcemanager.googleapis.com/v1/operations/cp.5564701437237160173 200
[debug] [2023-02-14T21:46:05.528Z] <<< [apiv2][body] GET https://cloudresourcemanager.googleapis.com/v1/operations/cp.5564701437237160173 {"name":"operations/cp.5564701437237160173","metadata":{"@type":"type.googleapis.com/google.cloudresourcemanager.v1.ProjectCreationStatus","gettable":true,"ready":true},"done":true,"response":{"@type":"type.googleapis.com/google.cloudresourcemanager.v1.Project","projectNumber":"69537245044","projectId":"badbankjasminemcclung","lifecycleState":"ACTIVE","name":"jasminemcclungbadbankingapp","createTime":"2023-02-14T21:46:01.520Z"}}
[debug] [2023-02-14T21:46:05.529Z] >>> [apiv2][query] POST https://firebase.googleapis.com/v1beta1/projects/badbankjasminemcclung:addFirebase [none]
[debug] [2023-02-14T21:46:06.860Z] <<< [apiv2][status] POST https://firebase.googleapis.com/v1beta1/projects/badbankjasminemcclung:addFirebase 200
[debug] [2023-02-14T21:46:06.860Z] <<< [apiv2][body] POST https://firebase.googleapis.com/v1beta1/projects/badbankjasminemcclung:addFirebase {"name":"operations/workflows/ZjZmOGE1NTktMzE3MC00MmI5LWIzMjYtYjg4YjQyNjk5NjU5"}
[debug] [2023-02-14T21:46:06.860Z] >>> [apiv2][query] GET https://firebase.googleapis.com/v1beta1/operations/workflows/ZjZmOGE1NTktMzE3MC00MmI5LWIzMjYtYjg4YjQyNjk5NjU5 [none]
[debug] [2023-02-14T21:46:07.268Z] <<< [apiv2][status] GET https://firebase.googleapis.com/v1beta1/operations/workflows/ZjZmOGE1NTktMzE3MC00MmI5LWIzMjYtYjg4YjQyNjk5NjU5 200
[debug] [2023-02-14T21:46:07.268Z] <<< [apiv2][body] GET https://firebase.googleapis.com/v1beta1/operations/workflows/ZjZmOGE1NTktMzE3MC00MmI5LWIzMjYtYjg4YjQyNjk5NjU5 {"name":"operations/workflows/ZjZmOGE1NTktMzE3MC00MmI5LWIzMjYtYjg4YjQyNjk5NjU5"}
[debug] [2023-02-14T21:46:07.769Z] [Add Firebase Poller] Retrying task index 0
[debug] [2023-02-14T21:46:07.769Z] >>> [apiv2][query] GET https://firebase.googleapis.com/v1beta1/operations/workflows/ZjZmOGE1NTktMzE3MC00MmI5LWIzMjYtYjg4YjQyNjk5NjU5 [none]
[debug] [2023-02-14T21:46:08.188Z] <<< [apiv2][status] GET https://firebase.googleapis.com/v1beta1/operations/workflows/ZjZmOGE1NTktMzE3MC00MmI5LWIzMjYtYjg4YjQyNjk5NjU5 200
[debug] [2023-02-14T21:46:08.188Z] <<< [apiv2][body] GET https://firebase.googleapis.com/v1beta1/operations/workflows/ZjZmOGE1NTktMzE3MC00MmI5LWIzMjYtYjg4YjQyNjk5NjU5 {"name":"operations/workflows/ZjZmOGE1NTktMzE3MC00MmI5LWIzMjYtYjg4YjQyNjk5NjU5"}
[debug] [2023-02-14T21:46:09.189Z] [Add Firebase Poller] Retrying task index 0
[debug] [2023-02-14T21:46:09.189Z] >>> [apiv2][query] GET https://firebase.googleapis.com/v1beta1/operations/workflows/ZjZmOGE1NTktMzE3MC00MmI5LWIzMjYtYjg4YjQyNjk5NjU5 [none]
[debug] [2023-02-14T21:46:09.828Z] <<< [apiv2][status] GET https://firebase.googleapis.com/v1beta1/operations/workflows/ZjZmOGE1NTktMzE3MC00MmI5LWIzMjYtYjg4YjQyNjk5NjU5 200
[debug] [2023-02-14T21:46:09.829Z] <<< [apiv2][body] GET https://firebase.googleapis.com/v1beta1/operations/workflows/ZjZmOGE1NTktMzE3MC00MmI5LWIzMjYtYjg4YjQyNjk5NjU5 {"name":"operations/workflows/ZjZmOGE1NTktMzE3MC00MmI5LWIzMjYtYjg4YjQyNjk5NjU5"}
[debug] [2023-02-14T21:46:11.830Z] [Add Firebase Poller] Retrying task index 0
[debug] [2023-02-14T21:46:11.830Z] >>> [apiv2][query] GET https://firebase.googleapis.com/v1beta1/operations/workflows/ZjZmOGE1NTktMzE3MC00MmI5LWIzMjYtYjg4YjQyNjk5NjU5 [none]
[debug] [2023-02-14T21:46:12.182Z] <<< [apiv2][status] GET https://firebase.googleapis.com/v1beta1/operations/workflows/ZjZmOGE1NTktMzE3MC00MmI5LWIzMjYtYjg4YjQyNjk5NjU5 200
[debug] [2023-02-14T21:46:12.182Z] <<< [apiv2][body] GET https://firebase.googleapis.com/v1beta1/operations/workflows/ZjZmOGE1NTktMzE3MC00MmI5LWIzMjYtYjg4YjQyNjk5NjU5 {"name":"operations/workflows/ZjZmOGE1NTktMzE3MC00MmI5LWIzMjYtYjg4YjQyNjk5NjU5"}
[debug] [2023-02-14T21:46:16.184Z] [Add Firebase Poller] Retrying task index 0
[debug] [2023-02-14T21:46:16.184Z] >>> [apiv2][query] GET https://firebase.googleapis.com/v1beta1/operations/workflows/ZjZmOGE1NTktMzE3MC00MmI5LWIzMjYtYjg4YjQyNjk5NjU5 [none]
[debug] [2023-02-14T21:46:16.584Z] <<< [apiv2][status] GET https://firebase.googleapis.com/v1beta1/operations/workflows/ZjZmOGE1NTktMzE3MC00MmI5LWIzMjYtYjg4YjQyNjk5NjU5 200
[debug] [2023-02-14T21:46:16.584Z] <<< [apiv2][body] GET https://firebase.googleapis.com/v1beta1/operations/workflows/ZjZmOGE1NTktMzE3MC00MmI5LWIzMjYtYjg4YjQyNjk5NjU5 {"name":"operations/workflows/ZjZmOGE1NTktMzE3MC00MmI5LWIzMjYtYjg4YjQyNjk5NjU5"}
[debug] [2023-02-14T21:46:24.584Z] [Add Firebase Poller] Retrying task index 0
[debug] [2023-02-14T21:46:24.585Z] >>> [apiv2][query] GET https://firebase.googleapis.com/v1beta1/operations/workflows/ZjZmOGE1NTktMzE3MC00MmI5LWIzMjYtYjg4YjQyNjk5NjU5 [none]
[debug] [2023-02-14T21:46:25.106Z] <<< [apiv2][status] GET https://firebase.googleapis.com/v1beta1/operations/workflows/ZjZmOGE1NTktMzE3MC00MmI5LWIzMjYtYjg4YjQyNjk5NjU5 200
[debug] [2023-02-14T21:46:25.106Z] <<< [apiv2][body] GET https://firebase.googleapis.com/v1beta1/operations/workflows/ZjZmOGE1NTktMzE3MC00MmI5LWIzMjYtYjg4YjQyNjk5NjU5 {"name":"operations/workflows/ZjZmOGE1NTktMzE3MC00MmI5LWIzMjYtYjg4YjQyNjk5NjU5","done":true,"response":{"@type":"type.googleapis.com/google.firebase.service.v1beta1.FirebaseProject","projectId":"badbankjasminemcclung","projectNumber":"69537245044","displayName":"jasminemcclungbadbankingapp","name":"projects/badbankjasminemcclung","resources":{"hostingSite":"badbankjasminemcclung"}}}
[info] 
[info] 🎉🎉🎉 Your Firebase project is ready! 🎉🎉🎉
[info] 
[info] Project information:
[info]    - Project ID: badbankjasminemcclung
[info]    - Project Name: jasminemcclungbadbankingapp
[info] 
[info] Firebase console is available at
[info] https://console.firebase.google.com/project/badbankjasminemcclung/overview
[info] i  Using project badbankjasminemcclung (jasminemcclungbadbankingapp) 
[info] 
=== Hosting Setup
[info] 
[info] Your public directory is the folder (relative to your project directory) that
[info] will contain Hosting assets to be uploaded with firebase deploy. If you
[info] have a build process for your assets, use your build's output directory.
[info] 
[debug] [2023-02-14T21:46:35.632Z] >>> [apiv2][query] GET https://www.gstatic.com/firebasejs/releases.json [none]
[debug] [2023-02-14T21:46:35.728Z] <<< [apiv2][status] GET https://www.gstatic.com/firebasejs/releases.json 200
[debug] [2023-02-14T21:46:35.729Z] <<< [apiv2][body] GET https://www.gstatic.com/firebasejs/releases.json {"current":{"version":"9.17.1","browserURL":"https://www.gstatic.com/firebasejs/9.17.1/firebase.js","packageURL":"https://www.gstatic.com/firebasejs/9.17.1/firebase.tgz"},"live":{"version":"9.17","browserURL":"https://www.gstatic.com/firebasejs/live/9.17/firebase.js","packageURL":"https://www.gstatic.com/firebasejs/live/9.17/firebase.tgz"},"components":{"analytics":"https://www.gstatic.com/firebasejs/9.17.1/firebase-analytics.js","app":"https://www.gstatic.com/firebasejs/9.17.1/firebase-app.js","app-check":"https://www.gstatic.com/firebasejs/9.17.1/firebase-app-check.js","auth":"https://www.gstatic.com/firebasejs/9.17.1/firebase-auth.js","auth/cordova":"https://www.gstatic.com/firebasejs/9.17.1/firebase-auth/cordova.js","auth/react-native":"https://www.gstatic.com/firebasejs/9.17.1/firebase-auth/react-native.js","functions":"https://www.gstatic.com/firebasejs/9.17.1/firebase-functions.js","firestore":"https://www.gstatic.com/firebasejs/9.17.1/firebase-firestore.js","firestore/lite":"https://www.gstatic.com/firebasejs/9.17.1/firebase-firestore/lite.js","installations":"https://www.gstatic.com/firebasejs/9.17.1/firebase-installations.js","storage":"https://www.gstatic.com/firebasejs/9.17.1/firebase-storage.js","performance":"https://www.gstatic.com/firebasejs/9.17.1/firebase-performance.js","remote-config":"https://www.gstatic.com/firebasejs/9.17.1/firebase-remote-config.js","messaging":"https://www.gstatic.com/firebasejs/9.17.1/firebase-messaging.js","messaging/sw":"https://www.gstatic.com/firebasejs/9.17.1/firebase-messaging/sw.js","database":"https://www.gstatic.com/firebasejs/9.17.1/firebase-database.js","firestore.memory":"https://www.gstatic.com/firebasejs/9.17.1/firebase-firestore.memory.js"}}
[info] ✔  Wrote public/index.html 
[info] 
[info] i  Detected a .git folder at /Users/jasminemcclung/Badbank-Capstone/badbank-capstone 
[info] i  Authorizing with GitHub to upload your service account to a GitHub repository's secrets store. 
[info] 
[info] Visit this URL on this device to log in:
[info] https://github.com/login/oauth/authorize?client_id=89cf50f02ac6aaed3484&state=682907419&redirect_uri=http%3A%2F%2Flocalhost%3A9005&scope=read%3Auser%20repo%20public_repo
[info] 
[info] Waiting for authentication...
[debug] [2023-02-14T21:47:10.567Z] >>> [apiv2][query] POST https://github.com/login/oauth/access_token [none]
[debug] [2023-02-14T21:47:10.568Z] >>> [apiv2][body] POST https://github.com/login/oauth/access_token [stream]
[debug] [2023-02-14T21:47:10.827Z] <<< [apiv2][status] POST https://github.com/login/oauth/access_token 200
[debug] [2023-02-14T21:47:10.827Z] <<< [apiv2][body] POST https://github.com/login/oauth/access_token {"access_token":"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","token_type":"bearer","scope":"read:user,repo"}
[debug] [2023-02-14T21:47:10.832Z] >>> [apiv2][query] GET https://api.github.com/user [none]
[debug] [2023-02-14T21:47:11.172Z] <<< [apiv2][status] GET https://api.github.com/user 200
[debug] [2023-02-14T21:47:11.173Z] <<< [apiv2][body] GET https://api.github.com/user {"login":"jasminemcclung","id":103603599,"node_id":"U_kgDOBizdjw","avatar_url":"https://avatars.githubusercontent.com/u/103603599?v=4","gravatar_id":"","url":"https://api.github.com/users/jasminemcclung","html_url":"https://github.com/jasminemcclung","followers_url":"https://api.github.com/users/jasminemcclung/followers","following_url":"https://api.github.com/users/jasminemcclung/following{/other_user}","gists_url":"https://api.github.com/users/jasminemcclung/gists{/gist_id}","starred_url":"https://api.github.com/users/jasminemcclung/starred{/owner}{/repo}","subscriptions_url":"https://api.github.com/users/jasminemcclung/subscriptions","organizations_url":"https://api.github.com/users/jasminemcclung/orgs","repos_url":"https://api.github.com/users/jasminemcclung/repos","events_url":"https://api.github.com/users/jasminemcclung/events{/privacy}","received_events_url":"https://api.github.com/users/jasminemcclung/received_events","type":"User","site_admin":false,"name":"Jasmine McClung","company":null,"blog":"","location":"North Texas","email":null,"hireable":null,"bio":"student at MITxpro professional certificate in coding ","twitter_username":null,"public_repos":20,"public_gists":0,"followers":0,"following":0,"created_at":"2022-04-13T19:26:10Z","updated_at":"2023-02-14T03:00:49Z","private_gists":0,"total_private_repos":2,"owned_private_repos":2,"disk_usage":7451,"collaborators":0,"two_factor_authentication":false,"plan":{"name":"free","space":976562499,"collaborators":0,"private_repos":10000}}
[info] 
[info] ✔  Success! Logged into GitHub as jasminemcclung 
[info] 
